{"/Users/mm/Public/IALWorks/AI/BlinkitClone/apps/api/src/app.controller.ts": {"path":"/Users/mm/Public/IALWorks/AI/BlinkitClone/apps/api/src/app.controller.ts","statementMap":{"0":{"start":{"line":1,"column":0},"end":{"line":1,"column":49}},"1":{"start":{"line":2,"column":0},"end":{"line":2,"column":43}},"2":{"start":{"line":5,"column":7},"end":{"line":20,"column":null}},"3":{"start":{"line":6,"column":31},"end":{"line":6,"column":43}},"4":{"start":{"line":10,"column":4},"end":{"line":10,"column":38}},"5":{"start":{"line":15,"column":4},"end":{"line":18,"column":6}},"6":{"start":{"line":5,"column":13},"end":{"line":5,"column":26}},"7":{"start":{"line":9,"column":2},"end":{"line":11,"column":null}},"8":{"start":{"line":14,"column":2},"end":{"line":19,"column":null}},"9":{"start":{"line":5,"column":13},"end":{"line":20,"column":null}}},"fnMap":{"0":{"name":"(anonymous_2)","decl":{"start":{"line":6,"column":2},"end":{"line":6,"column":31}},"loc":{"start":{"line":6,"column":53},"end":{"line":6,"column":57}}},"1":{"name":"(anonymous_3)","decl":{"start":{"line":9,"column":2},"end":{"line":9,"column":10}},"loc":{"start":{"line":9,"column":10},"end":{"line":11,"column":3}}},"2":{"name":"(anonymous_4)","decl":{"start":{"line":14,"column":2},"end":{"line":14,"column":11}},"loc":{"start":{"line":14,"column":11},"end":{"line":19,"column":3}}}},"branchMap":{"0":{"loc":{"start":{"line":6,"column":43},"end":{"line":6,"column":56}},"type":"cond-expr","locations":[{"start":{"line":6,"column":53},"end":{"line":6,"column":56}},{"start":{"line":6,"column":53},"end":{"line":6,"column":56}}]},"1":{"loc":{"start":{"line":6,"column":43},"end":{"line":6,"column":53}},"type":"binary-expr","locations":[{"start":{"line":6,"column":43},"end":{"line":6,"column":56}},{"start":{"line":6,"column":43},"end":{"line":6,"column":53}}]}},"s":{"0":1,"1":1,"2":1,"3":1,"4":1,"5":0,"6":1,"7":1,"8":1,"9":1},"f":{"0":1,"1":1,"2":0},"b":{"0":[1,0],"1":[1,1]}}
,"/Users/mm/Public/IALWorks/AI/BlinkitClone/apps/api/src/app.module.ts": {"path":"/Users/mm/Public/IALWorks/AI/BlinkitClone/apps/api/src/app.module.ts","statementMap":{"0":{"start":{"line":1,"column":0},"end":{"line":1,"column":null}},"1":{"start":{"line":7,"column":0},"end":{"line":7,"column":49}},"2":{"start":{"line":8,"column":0},"end":{"line":8,"column":43}},"3":{"start":{"line":9,"column":0},"end":{"line":9,"column":60}},"4":{"start":{"line":10,"column":0},"end":{"line":10,"column":54}},"5":{"start":{"line":11,"column":0},"end":{"line":11,"column":81}},"6":{"start":{"line":12,"column":0},"end":{"line":12,"column":60}},"7":{"start":{"line":13,"column":0},"end":{"line":13,"column":46}},"8":{"start":{"line":14,"column":0},"end":{"line":14,"column":86}},"9":{"start":{"line":30,"column":7},"end":{"line":36,"column":null}},"10":{"start":{"line":32,"column":4},"end":{"line":34,"column":59}},"11":{"start":{"line":30,"column":13},"end":{"line":30,"column":22}},"12":{"start":{"line":30,"column":13},"end":{"line":36,"column":null}}},"fnMap":{"0":{"name":"(anonymous_1)","decl":{"start":{"line":31,"column":2},"end":{"line":31,"column":11}},"loc":{"start":{"line":31,"column":40},"end":{"line":35,"column":3}}}},"branchMap":{},"s":{"0":0,"1":0,"2":0,"3":0,"4":0,"5":0,"6":0,"7":0,"8":0,"9":0,"10":0,"11":0,"12":0},"f":{"0":0},"b":{}}
,"/Users/mm/Public/IALWorks/AI/BlinkitClone/apps/api/src/app.service.ts": {"path":"/Users/mm/Public/IALWorks/AI/BlinkitClone/apps/api/src/app.service.ts","statementMap":{"0":{"start":{"line":1,"column":0},"end":{"line":1,"column":44}},"1":{"start":{"line":4,"column":7},"end":{"line":8,"column":null}},"2":{"start":{"line":6,"column":4},"end":{"line":6,"column":60}},"3":{"start":{"line":4,"column":13},"end":{"line":4,"column":23}},"4":{"start":{"line":4,"column":13},"end":{"line":8,"column":null}}},"fnMap":{"0":{"name":"(anonymous_1)","decl":{"start":{"line":5,"column":2},"end":{"line":5,"column":10}},"loc":{"start":{"line":5,"column":10},"end":{"line":7,"column":3}}}},"branchMap":{},"s":{"0":1,"1":1,"2":1,"3":1,"4":1},"f":{"0":1},"b":{}}
,"/Users/mm/Public/IALWorks/AI/BlinkitClone/apps/api/src/main.ts": {"path":"/Users/mm/Public/IALWorks/AI/BlinkitClone/apps/api/src/main.ts","statementMap":{"0":{"start":{"line":4,"column":0},"end":{"line":4,"column":43}},"1":{"start":{"line":5,"column":0},"end":{"line":5,"column":41}},"2":{"start":{"line":8,"column":14},"end":{"line":8,"column":49}},"3":{"start":{"line":10,"column":2},"end":{"line":14,"column":5}},"4":{"start":{"line":16,"column":15},"end":{"line":16,"column":39}},"5":{"start":{"line":17,"column":2},"end":{"line":17,"column":25}},"6":{"start":{"line":18,"column":2},"end":{"line":18,"column":68}},"7":{"start":{"line":20,"column":0},"end":{"line":20,"column":12}}},"fnMap":{"0":{"name":"bootstrap","decl":{"start":{"line":7,"column":15},"end":{"line":7,"column":24}},"loc":{"start":{"line":7,"column":24},"end":{"line":19,"column":1}}}},"branchMap":{"0":{"loc":{"start":{"line":11,"column":12},"end":{"line":11,"column":62}},"type":"binary-expr","locations":[{"start":{"line":11,"column":12},"end":{"line":11,"column":35}},{"start":{"line":11,"column":39},"end":{"line":11,"column":62}}]},"1":{"loc":{"start":{"line":16,"column":15},"end":{"line":16,"column":39}},"type":"binary-expr","locations":[{"start":{"line":16,"column":15},"end":{"line":16,"column":31}},{"start":{"line":16,"column":35},"end":{"line":16,"column":39}}]}},"s":{"0":0,"1":0,"2":0,"3":0,"4":0,"5":0,"6":0,"7":0},"f":{"0":0},"b":{"0":[0,0],"1":[0,0]}}
,"/Users/mm/Public/IALWorks/AI/BlinkitClone/apps/api/src/common/middleware/response-time.middleware.ts": {"path":"/Users/mm/Public/IALWorks/AI/BlinkitClone/apps/api/src/common/middleware/response-time.middleware.ts","statementMap":{"0":{"start":{"line":1,"column":0},"end":{"line":1,"column":60}},"1":{"start":{"line":5,"column":7},"end":{"line":24,"column":null}},"2":{"start":{"line":7,"column":18},"end":{"line":7,"column":28}},"3":{"start":{"line":9,"column":4},"end":{"line":20,"column":7}},"4":{"start":{"line":10,"column":22},"end":{"line":10,"column":40}},"5":{"start":{"line":11,"column":6},"end":{"line":19,"column":7}},"6":{"start":{"line":12,"column":8},"end":{"line":14,"column":10}},"7":{"start":{"line":16,"column":8},"end":{"line":18,"column":10}},"8":{"start":{"line":22,"column":4},"end":{"line":22,"column":11}},"9":{"start":{"line":5,"column":13},"end":{"line":5,"column":35}},"10":{"start":{"line":5,"column":13},"end":{"line":24,"column":null}}},"fnMap":{"0":{"name":"(anonymous_1)","decl":{"start":{"line":6,"column":2},"end":{"line":6,"column":5}},"loc":{"start":{"line":6,"column":53},"end":{"line":23,"column":3}}},"1":{"name":"(anonymous_2)","decl":{"start":{"line":9,"column":21},"end":{"line":9,"column":24}},"loc":{"start":{"line":9,"column":26},"end":{"line":20,"column":5}}}},"branchMap":{"0":{"loc":{"start":{"line":11,"column":6},"end":{"line":19,"column":7}},"type":"if","locations":[{"start":{"line":11,"column":6},"end":{"line":19,"column":7}},{"start":{"line":15,"column":13},"end":{"line":19,"column":7}}]}},"s":{"0":0,"1":0,"2":0,"3":0,"4":0,"5":0,"6":0,"7":0,"8":0,"9":0,"10":0},"f":{"0":0,"1":0},"b":{"0":[0,0]}}
,"/Users/mm/Public/IALWorks/AI/BlinkitClone/apps/api/src/data/products.ts": {"path":"/Users/mm/Public/IALWorks/AI/BlinkitClone/apps/api/src/data/products.ts","statementMap":{"0":{"start":{"line":3,"column":13},"end":{"line":124,"column":2}}},"fnMap":{},"branchMap":{},"s":{"0":1},"f":{},"b":{}}
,"/Users/mm/Public/IALWorks/AI/BlinkitClone/apps/api/src/orders/orders.module.ts": {"path":"/Users/mm/Public/IALWorks/AI/BlinkitClone/apps/api/src/orders/orders.module.ts","statementMap":{"0":{"start":{"line":1,"column":0},"end":{"line":1,"column":40}},"1":{"start":{"line":2,"column":0},"end":{"line":2,"column":55}},"2":{"start":{"line":8,"column":7},"end":{"line":8,"column":null}},"3":{"start":{"line":8,"column":13},"end":{"line":8,"column":25}},"4":{"start":{"line":8,"column":13},"end":{"line":8,"column":null}}},"fnMap":{},"branchMap":{},"s":{"0":0,"1":0,"2":0,"3":0,"4":0},"f":{},"b":{}}
,"/Users/mm/Public/IALWorks/AI/BlinkitClone/apps/api/src/orders/orders.repository.ts": {"path":"/Users/mm/Public/IALWorks/AI/BlinkitClone/apps/api/src/orders/orders.repository.ts","statementMap":{"0":{"start":{"line":1,"column":0},"end":{"line":1,"column":44}},"1":{"start":{"line":3,"column":0},"end":{"line":3,"column":63}},"2":{"start":{"line":4,"column":0},"end":{"line":4,"column":45}},"3":{"start":{"line":7,"column":7},"end":{"line":75,"column":null}},"4":{"start":{"line":8,"column":31},"end":{"line":8,"column":41}},"5":{"start":{"line":11,"column":4},"end":{"line":31,"column":5}},"6":{"start":{"line":12,"column":30},"end":{"line":16,"column":21}},"7":{"start":{"line":18,"column":6},"end":{"line":21,"column":7}},"8":{"start":{"line":19,"column":8},"end":{"line":19,"column":71}},"9":{"start":{"line":20,"column":8},"end":{"line":20,"column":38}},"10":{"start":{"line":23,"column":6},"end":{"line":28,"column":7}},"11":{"start":{"line":24,"column":8},"end":{"line":27,"column":10}},"12":{"start":{"line":30,"column":6},"end":{"line":30,"column":37}},"13":{"start":{"line":33,"column":4},"end":{"line":33,"column":34}},"14":{"start":{"line":37,"column":4},"end":{"line":59,"column":5}},"15":{"start":{"line":41,"column":30},"end":{"line":46,"column":21}},"16":{"start":{"line":48,"column":6},"end":{"line":51,"column":7}},"17":{"start":{"line":49,"column":8},"end":{"line":49,"column":71}},"18":{"start":{"line":50,"column":8},"end":{"line":50,"column":49}},"19":{"start":{"line":54,"column":6},"end":{"line":56,"column":7}},"20":{"start":{"line":55,"column":8},"end":{"line":55,"column":49}},"21":{"start":{"line":58,"column":6},"end":{"line":58,"column":29}},"22":{"start":{"line":61,"column":4},"end":{"line":61,"column":45}},"23":{"start":{"line":66,"column":4},"end":{"line":66,"column":33}},"24":{"start":{"line":70,"column":18},"end":{"line":70,"column":40}},"25":{"start":{"line":71,"column":4},"end":{"line":73,"column":6}},"26":{"start":{"line":72,"column":6},"end":{"line":72,"column":52}},"27":{"start":{"line":72,"column":26},"end":{"line":72,"column":51}},"28":{"start":{"line":7,"column":13},"end":{"line":7,"column":29}},"29":{"start":{"line":7,"column":13},"end":{"line":75,"column":null}}},"fnMap":{"0":{"name":"(anonymous_3)","decl":{"start":{"line":8,"column":2},"end":{"line":8,"column":31}},"loc":{"start":{"line":8,"column":56},"end":{"line":8,"column":60}}},"1":{"name":"(anonymous_4)","decl":{"start":{"line":10,"column":2},"end":{"line":10,"column":7}},"loc":{"start":{"line":10,"column":15},"end":{"line":34,"column":3}}},"2":{"name":"(anonymous_5)","decl":{"start":{"line":36,"column":2},"end":{"line":36,"column":7}},"loc":{"start":{"line":36,"column":35},"end":{"line":62,"column":3}}},"3":{"name":"(anonymous_6)","decl":{"start":{"line":65,"column":10},"end":{"line":65,"column":25}},"loc":{"start":{"line":65,"column":25},"end":{"line":67,"column":3}}},"4":{"name":"(anonymous_7)","decl":{"start":{"line":69,"column":10},"end":{"line":69,"column":28}},"loc":{"start":{"line":69,"column":45},"end":{"line":74,"column":3}}},"5":{"name":"(anonymous_8)","decl":{"start":{"line":71,"column":42},"end":{"line":71,"column":43}},"loc":{"start":{"line":72,"column":6},"end":{"line":72,"column":52}}},"6":{"name":"(anonymous_9)","decl":{"start":{"line":72,"column":19},"end":{"line":72,"column":20}},"loc":{"start":{"line":72,"column":26},"end":{"line":72,"column":51}}}},"branchMap":{"0":{"loc":{"start":{"line":11,"column":4},"end":{"line":31,"column":5}},"type":"if","locations":[{"start":{"line":11,"column":4},"end":{"line":31,"column":5}},{"start":{},"end":{}}]},"1":{"loc":{"start":{"line":18,"column":6},"end":{"line":21,"column":7}},"type":"if","locations":[{"start":{"line":18,"column":6},"end":{"line":21,"column":7}},{"start":{},"end":{}}]},"2":{"loc":{"start":{"line":23,"column":6},"end":{"line":28,"column":7}},"type":"if","locations":[{"start":{"line":23,"column":6},"end":{"line":28,"column":7}},{"start":{},"end":{}}]},"3":{"loc":{"start":{"line":23,"column":10},"end":{"line":23,"column":38}},"type":"binary-expr","locations":[{"start":{"line":23,"column":10},"end":{"line":23,"column":14}},{"start":{"line":23,"column":18},"end":{"line":23,"column":38}}]},"4":{"loc":{"start":{"line":30,"column":14},"end":{"line":30,"column":24}},"type":"binary-expr","locations":[{"start":{"line":30,"column":14},"end":{"line":30,"column":18}},{"start":{"line":30,"column":22},"end":{"line":30,"column":24}}]},"5":{"loc":{"start":{"line":37,"column":4},"end":{"line":59,"column":5}},"type":"if","locations":[{"start":{"line":37,"column":4},"end":{"line":59,"column":5}},{"start":{},"end":{}}]},"6":{"loc":{"start":{"line":48,"column":6},"end":{"line":51,"column":7}},"type":"if","locations":[{"start":{"line":48,"column":6},"end":{"line":51,"column":7}},{"start":{},"end":{}}]},"7":{"loc":{"start":{"line":54,"column":6},"end":{"line":56,"column":7}},"type":"if","locations":[{"start":{"line":54,"column":6},"end":{"line":56,"column":7}},{"start":{},"end":{}}]},"8":{"loc":{"start":{"line":54,"column":10},"end":{"line":54,"column":36}},"type":"binary-expr","locations":[{"start":{"line":54,"column":10},"end":{"line":54,"column":15}},{"start":{"line":54,"column":19},"end":{"line":54,"column":36}}]},"9":{"loc":{"start":{"line":8,"column":41},"end":{"line":8,"column":59}},"type":"cond-expr","locations":[{"start":{"line":8,"column":56},"end":{"line":8,"column":59}},{"start":{"line":8,"column":56},"end":{"line":8,"column":59}}]},"10":{"loc":{"start":{"line":8,"column":41},"end":{"line":8,"column":56}},"type":"binary-expr","locations":[{"start":{"line":8,"column":41},"end":{"line":8,"column":59}},{"start":{"line":8,"column":41},"end":{"line":8,"column":56}}]}},"s":{"0":2,"1":2,"2":2,"3":2,"4":0,"5":0,"6":0,"7":0,"8":0,"9":0,"10":0,"11":0,"12":0,"13":0,"14":0,"15":0,"16":0,"17":0,"18":0,"19":0,"20":0,"21":0,"22":0,"23":0,"24":0,"25":0,"26":0,"27":0,"28":2,"29":2},"f":{"0":0,"1":0,"2":0,"3":0,"4":0,"5":0,"6":0},"b":{"0":[0,0],"1":[0,0],"2":[0,0],"3":[0,0],"4":[0,0],"5":[0,0],"6":[0,0],"7":[0,0],"8":[0,0],"9":[2,0],"10":[2,2]}}
,"/Users/mm/Public/IALWorks/AI/BlinkitClone/apps/api/src/products/products.controller.ts": {"path":"/Users/mm/Public/IALWorks/AI/BlinkitClone/apps/api/src/products/products.controller.ts","statementMap":{"0":{"start":{"line":1,"column":0},"end":{"line":1,"column":49}},"1":{"start":{"line":3,"column":0},"end":{"line":3,"column":53}},"2":{"start":{"line":6,"column":7},"end":{"line":13,"column":null}},"3":{"start":{"line":7,"column":31},"end":{"line":7,"column":48}},"4":{"start":{"line":11,"column":4},"end":{"line":11,"column":42}},"5":{"start":{"line":6,"column":13},"end":{"line":6,"column":31}},"6":{"start":{"line":10,"column":8},"end":{"line":12,"column":null}},"7":{"start":{"line":6,"column":13},"end":{"line":13,"column":null}}},"fnMap":{"0":{"name":"(anonymous_2)","decl":{"start":{"line":7,"column":2},"end":{"line":7,"column":31}},"loc":{"start":{"line":7,"column":63},"end":{"line":7,"column":67}}},"1":{"name":"(anonymous_3)","decl":{"start":{"line":10,"column":8},"end":{"line":10,"column":15}},"loc":{"start":{"line":10,"column":15},"end":{"line":12,"column":3}}}},"branchMap":{"0":{"loc":{"start":{"line":10,"column":19},"end":{"line":10,"column":null}},"type":"cond-expr","locations":[{"start":{"line":10,"column":26},"end":{"line":10,"column":null}},{"start":{"line":10,"column":26},"end":{"line":10,"column":null}}]},"1":{"loc":{"start":{"line":10,"column":19},"end":{"line":10,"column":26}},"type":"binary-expr","locations":[{"start":{"line":10,"column":19},"end":{"line":10,"column":null}},{"start":{"line":10,"column":19},"end":{"line":10,"column":26}}]},"2":{"loc":{"start":{"line":7,"column":48},"end":{"line":7,"column":66}},"type":"cond-expr","locations":[{"start":{"line":7,"column":63},"end":{"line":7,"column":66}},{"start":{"line":7,"column":63},"end":{"line":7,"column":66}}]},"3":{"loc":{"start":{"line":7,"column":48},"end":{"line":7,"column":63}},"type":"binary-expr","locations":[{"start":{"line":7,"column":48},"end":{"line":7,"column":66}},{"start":{"line":7,"column":48},"end":{"line":7,"column":63}}]}},"s":{"0":1,"1":1,"2":1,"3":3,"4":3,"5":1,"6":1,"7":1},"f":{"0":3,"1":3},"b":{"0":[1,0],"1":[1,1],"2":[1,0],"3":[1,1]}}
,"/Users/mm/Public/IALWorks/AI/BlinkitClone/apps/api/src/products/products.module.ts": {"path":"/Users/mm/Public/IALWorks/AI/BlinkitClone/apps/api/src/products/products.module.ts","statementMap":{"0":{"start":{"line":1,"column":0},"end":{"line":1,"column":40}},"1":{"start":{"line":2,"column":0},"end":{"line":2,"column":59}},"2":{"start":{"line":3,"column":0},"end":{"line":3,"column":53}},"3":{"start":{"line":4,"column":0},"end":{"line":4,"column":59}},"4":{"start":{"line":11,"column":7},"end":{"line":11,"column":null}},"5":{"start":{"line":11,"column":13},"end":{"line":11,"column":27}},"6":{"start":{"line":11,"column":13},"end":{"line":11,"column":null}}},"fnMap":{},"branchMap":{},"s":{"0":0,"1":0,"2":0,"3":0,"4":0,"5":0,"6":0},"f":{},"b":{}}
,"/Users/mm/Public/IALWorks/AI/BlinkitClone/apps/api/src/products/products.repository.ts": {"path":"/Users/mm/Public/IALWorks/AI/BlinkitClone/apps/api/src/products/products.repository.ts","statementMap":{"0":{"start":{"line":1,"column":0},"end":{"line":1,"column":44}},"1":{"start":{"line":3,"column":0},"end":{"line":3,"column":63}},"2":{"start":{"line":4,"column":0},"end":{"line":4,"column":59}},"3":{"start":{"line":7,"column":7},"end":{"line":57,"column":null}},"4":{"start":{"line":8,"column":31},"end":{"line":8,"column":41}},"5":{"start":{"line":12,"column":4},"end":{"line":25,"column":5}},"6":{"start":{"line":13,"column":30},"end":{"line":17,"column":22}},"7":{"start":{"line":19,"column":6},"end":{"line":22,"column":7}},"8":{"start":{"line":20,"column":8},"end":{"line":20,"column":73}},"9":{"start":{"line":21,"column":8},"end":{"line":21,"column":38}},"10":{"start":{"line":24,"column":6},"end":{"line":24,"column":31}},"11":{"start":{"line":28,"column":4},"end":{"line":28,"column":34}},"12":{"start":{"line":32,"column":4},"end":{"line":42,"column":5}},"13":{"start":{"line":33,"column":30},"end":{"line":38,"column":17}},"14":{"start":{"line":40,"column":6},"end":{"line":40,"column":34}},"15":{"start":{"line":40,"column":17},"end":{"line":40,"column":34}},"16":{"start":{"line":41,"column":6},"end":{"line":41,"column":29}},"17":{"start":{"line":44,"column":4},"end":{"line":44,"column":41}},"18":{"start":{"line":49,"column":4},"end":{"line":49,"column":23}},"19":{"start":{"line":53,"column":4},"end":{"line":55,"column":6}},"20":{"start":{"line":54,"column":13},"end":{"line":54,"column":56}},"21":{"start":{"line":7,"column":13},"end":{"line":7,"column":31}},"22":{"start":{"line":7,"column":13},"end":{"line":57,"column":null}}},"fnMap":{"0":{"name":"(anonymous_2)","decl":{"start":{"line":8,"column":2},"end":{"line":8,"column":31}},"loc":{"start":{"line":8,"column":56},"end":{"line":8,"column":60}}},"1":{"name":"(anonymous_3)","decl":{"start":{"line":10,"column":2},"end":{"line":10,"column":7}},"loc":{"start":{"line":10,"column":15},"end":{"line":29,"column":3}}},"2":{"name":"(anonymous_4)","decl":{"start":{"line":31,"column":2},"end":{"line":31,"column":7}},"loc":{"start":{"line":31,"column":31},"end":{"line":45,"column":3}}},"3":{"name":"(anonymous_5)","decl":{"start":{"line":48,"column":10},"end":{"line":48,"column":25}},"loc":{"start":{"line":48,"column":25},"end":{"line":50,"column":3}}},"4":{"name":"(anonymous_6)","decl":{"start":{"line":52,"column":10},"end":{"line":52,"column":28}},"loc":{"start":{"line":52,"column":41},"end":{"line":56,"column":3}}},"5":{"name":"(anonymous_7)","decl":{"start":{"line":54,"column":6},"end":{"line":54,"column":7}},"loc":{"start":{"line":54,"column":13},"end":{"line":54,"column":56}}}},"branchMap":{"0":{"loc":{"start":{"line":12,"column":4},"end":{"line":25,"column":5}},"type":"if","locations":[{"start":{"line":12,"column":4},"end":{"line":25,"column":5}},{"start":{},"end":{}}]},"1":{"loc":{"start":{"line":19,"column":6},"end":{"line":22,"column":7}},"type":"if","locations":[{"start":{"line":19,"column":6},"end":{"line":22,"column":7}},{"start":{},"end":{}}]},"2":{"loc":{"start":{"line":32,"column":4},"end":{"line":42,"column":5}},"type":"if","locations":[{"start":{"line":32,"column":4},"end":{"line":42,"column":5}},{"start":{},"end":{}}]},"3":{"loc":{"start":{"line":40,"column":6},"end":{"line":40,"column":34}},"type":"if","locations":[{"start":{"line":40,"column":6},"end":{"line":40,"column":34}},{"start":{},"end":{}}]},"4":{"loc":{"start":{"line":8,"column":41},"end":{"line":8,"column":59}},"type":"cond-expr","locations":[{"start":{"line":8,"column":56},"end":{"line":8,"column":59}},{"start":{"line":8,"column":56},"end":{"line":8,"column":59}}]},"5":{"loc":{"start":{"line":8,"column":41},"end":{"line":8,"column":56}},"type":"binary-expr","locations":[{"start":{"line":8,"column":41},"end":{"line":8,"column":59}},{"start":{"line":8,"column":41},"end":{"line":8,"column":56}}]}},"s":{"0":1,"1":1,"2":1,"3":1,"4":0,"5":0,"6":0,"7":0,"8":0,"9":0,"10":0,"11":0,"12":0,"13":0,"14":0,"15":0,"16":0,"17":0,"18":0,"19":0,"20":0,"21":1,"22":1},"f":{"0":0,"1":0,"2":0,"3":0,"4":0,"5":0},"b":{"0":[0,0],"1":[0,0],"2":[0,0],"3":[0,0],"4":[1,0],"5":[1,1]}}
,"/Users/mm/Public/IALWorks/AI/BlinkitClone/apps/api/src/products/products.service.ts": {"path":"/Users/mm/Public/IALWorks/AI/BlinkitClone/apps/api/src/products/products.service.ts","statementMap":{"0":{"start":{"line":1,"column":0},"end":{"line":1,"column":44}},"1":{"start":{"line":3,"column":0},"end":{"line":3,"column":59}},"2":{"start":{"line":6,"column":7},"end":{"line":12,"column":null}},"3":{"start":{"line":7,"column":31},"end":{"line":7,"column":43}},"4":{"start":{"line":10,"column":4},"end":{"line":10,"column":37}},"5":{"start":{"line":6,"column":13},"end":{"line":6,"column":28}},"6":{"start":{"line":6,"column":13},"end":{"line":12,"column":null}}},"fnMap":{"0":{"name":"(anonymous_2)","decl":{"start":{"line":7,"column":2},"end":{"line":7,"column":31}},"loc":{"start":{"line":7,"column":61},"end":{"line":7,"column":65}}},"1":{"name":"(anonymous_3)","decl":{"start":{"line":9,"column":2},"end":{"line":9,"column":7}},"loc":{"start":{"line":9,"column":15},"end":{"line":11,"column":3}}}},"branchMap":{"0":{"loc":{"start":{"line":7,"column":43},"end":{"line":7,"column":64}},"type":"cond-expr","locations":[{"start":{"line":7,"column":61},"end":{"line":7,"column":64}},{"start":{"line":7,"column":61},"end":{"line":7,"column":64}}]},"1":{"loc":{"start":{"line":7,"column":43},"end":{"line":7,"column":61}},"type":"binary-expr","locations":[{"start":{"line":7,"column":43},"end":{"line":7,"column":64}},{"start":{"line":7,"column":43},"end":{"line":7,"column":61}}]}},"s":{"0":1,"1":1,"2":1,"3":0,"4":0,"5":1,"6":1},"f":{"0":0,"1":0},"b":{"0":[1,0],"1":[1,1]}}
,"/Users/mm/Public/IALWorks/AI/BlinkitClone/apps/api/src/recommendations/recommendations.controller.ts": {"path":"/Users/mm/Public/IALWorks/AI/BlinkitClone/apps/api/src/recommendations/recommendations.controller.ts","statementMap":{"0":{"start":{"line":1,"column":0},"end":{"line":1,"column":null}},"1":{"start":{"line":8,"column":0},"end":{"line":8,"column":67}},"2":{"start":{"line":11,"column":7},"end":{"line":33,"column":null}},"3":{"start":{"line":13,"column":21},"end":{"line":13,"column":45}},"4":{"start":{"line":20,"column":4},"end":{"line":22,"column":5}},"5":{"start":{"line":21,"column":6},"end":{"line":21,"column":74}},"6":{"start":{"line":24,"column":24},"end":{"line":24,"column":35}},"7":{"start":{"line":26,"column":6},"end":{"line":26,"column":71}},"8":{"start":{"line":28,"column":4},"end":{"line":31,"column":6}},"9":{"start":{"line":11,"column":13},"end":{"line":11,"column":38}},"10":{"start":{"line":17,"column":8},"end":{"line":32,"column":null}},"11":{"start":{"line":11,"column":13},"end":{"line":33,"column":null}}},"fnMap":{"0":{"name":"(anonymous_4)","decl":{"start":{"line":12,"column":2},"end":{"line":12,"column":null}},"loc":{"start":{"line":13,"column":67},"end":{"line":14,"column":6}}},"1":{"name":"(anonymous_5)","decl":{"start":{"line":17,"column":8},"end":{"line":17,"column":26}},"loc":{"start":{"line":18,"column":32},"end":{"line":32,"column":3}}}},"branchMap":{"0":{"loc":{"start":{"line":20,"column":4},"end":{"line":22,"column":5}},"type":"if","locations":[{"start":{"line":20,"column":4},"end":{"line":22,"column":5}},{"start":{},"end":{}}]},"1":{"loc":{"start":{"line":20,"column":8},"end":{"line":20,"column":41}},"type":"binary-expr","locations":[{"start":{"line":20,"column":8},"end":{"line":20,"column":13}},{"start":{"line":20,"column":17},"end":{"line":20,"column":41}}]},"2":{"loc":{"start":{"line":19,"column":5},"end":{"line":19,"column":null}},"type":"cond-expr","locations":[{"start":{"line":19,"column":12},"end":{"line":19,"column":null}},{"start":{"line":19,"column":12},"end":{"line":19,"column":null}}]},"3":{"loc":{"start":{"line":19,"column":5},"end":{"line":19,"column":12}},"type":"binary-expr","locations":[{"start":{"line":19,"column":5},"end":{"line":19,"column":null}},{"start":{"line":19,"column":5},"end":{"line":19,"column":12}}]},"4":{"loc":{"start":{"line":13,"column":45},"end":{"line":13,"column":null}},"type":"cond-expr","locations":[{"start":{"line":13,"column":67},"end":{"line":13,"column":null}},{"start":{"line":13,"column":67},"end":{"line":13,"column":null}}]},"5":{"loc":{"start":{"line":13,"column":45},"end":{"line":13,"column":67}},"type":"binary-expr","locations":[{"start":{"line":13,"column":45},"end":{"line":13,"column":null}},{"start":{"line":13,"column":45},"end":{"line":13,"column":67}}]}},"s":{"0":1,"1":1,"2":1,"3":5,"4":5,"5":2,"6":3,"7":3,"8":3,"9":1,"10":1,"11":1},"f":{"0":5,"1":5},"b":{"0":[2,3],"1":[5,4],"2":[1,0],"3":[1,1],"4":[1,0],"5":[1,1]}}
,"/Users/mm/Public/IALWorks/AI/BlinkitClone/apps/api/src/recommendations/recommendations.module.ts": {"path":"/Users/mm/Public/IALWorks/AI/BlinkitClone/apps/api/src/recommendations/recommendations.module.ts","statementMap":{"0":{"start":{"line":1,"column":0},"end":{"line":1,"column":40}},"1":{"start":{"line":2,"column":0},"end":{"line":2,"column":73}},"2":{"start":{"line":3,"column":0},"end":{"line":3,"column":67}},"3":{"start":{"line":4,"column":0},"end":{"line":4,"column":73}},"4":{"start":{"line":5,"column":0},"end":{"line":5,"column":55}},"5":{"start":{"line":12,"column":7},"end":{"line":12,"column":null}},"6":{"start":{"line":12,"column":13},"end":{"line":12,"column":34}},"7":{"start":{"line":12,"column":13},"end":{"line":12,"column":null}}},"fnMap":{},"branchMap":{},"s":{"0":0,"1":0,"2":0,"3":0,"4":0,"5":0,"6":0,"7":0},"f":{},"b":{}}
,"/Users/mm/Public/IALWorks/AI/BlinkitClone/apps/api/src/recommendations/recommendations.repository.ts": {"path":"/Users/mm/Public/IALWorks/AI/BlinkitClone/apps/api/src/recommendations/recommendations.repository.ts","statementMap":{"0":{"start":{"line":1,"column":0},"end":{"line":1,"column":44}},"1":{"start":{"line":3,"column":0},"end":{"line":3,"column":63}},"2":{"start":{"line":6,"column":7},"end":{"line":16,"column":null}},"3":{"start":{"line":7,"column":31},"end":{"line":7,"column":49}},"4":{"start":{"line":10,"column":4},"end":{"line":10,"column":43}},"5":{"start":{"line":14,"column":4},"end":{"line":14,"column":54}},"6":{"start":{"line":6,"column":13},"end":{"line":6,"column":38}},"7":{"start":{"line":6,"column":13},"end":{"line":16,"column":null}}},"fnMap":{"0":{"name":"(anonymous_2)","decl":{"start":{"line":7,"column":2},"end":{"line":7,"column":31}},"loc":{"start":{"line":7,"column":65},"end":{"line":7,"column":69}}},"1":{"name":"(anonymous_3)","decl":{"start":{"line":9,"column":2},"end":{"line":9,"column":7}},"loc":{"start":{"line":9,"column":20},"end":{"line":11,"column":3}}},"2":{"name":"(anonymous_4)","decl":{"start":{"line":13,"column":2},"end":{"line":13,"column":7}},"loc":{"start":{"line":13,"column":44},"end":{"line":15,"column":3}}}},"branchMap":{"0":{"loc":{"start":{"line":7,"column":49},"end":{"line":7,"column":68}},"type":"cond-expr","locations":[{"start":{"line":7,"column":65},"end":{"line":7,"column":68}},{"start":{"line":7,"column":65},"end":{"line":7,"column":68}}]},"1":{"loc":{"start":{"line":7,"column":49},"end":{"line":7,"column":65}},"type":"binary-expr","locations":[{"start":{"line":7,"column":49},"end":{"line":7,"column":68}},{"start":{"line":7,"column":49},"end":{"line":7,"column":65}}]}},"s":{"0":2,"1":2,"2":2,"3":0,"4":0,"5":0,"6":2,"7":2},"f":{"0":0,"1":0,"2":0},"b":{"0":[2,0],"1":[2,2]}}
,"/Users/mm/Public/IALWorks/AI/BlinkitClone/apps/api/src/recommendations/recommendations.service.ts": {"path":"/Users/mm/Public/IALWorks/AI/BlinkitClone/apps/api/src/recommendations/recommendations.service.ts","statementMap":{"0":{"start":{"line":1,"column":0},"end":{"line":1,"column":58}},"1":{"start":{"line":3,"column":0},"end":{"line":3,"column":73}},"2":{"start":{"line":10,"column":7},"end":{"line":169,"column":null}},"3":{"start":{"line":11,"column":51},"end":{"line":11,"column":53}},"4":{"start":{"line":12,"column":18},"end":{"line":12,"column":76}},"5":{"start":{"line":13,"column":34},"end":{"line":13,"column":47}},"6":{"start":{"line":15,"column":31},"end":{"line":15,"column":43}},"7":{"start":{"line":18,"column":4},"end":{"line":18,"column":59}},"8":{"start":{"line":19,"column":18},"end":{"line":19,"column":35}},"9":{"start":{"line":20,"column":4},"end":{"line":20,"column":41}},"10":{"start":{"line":21,"column":20},"end":{"line":21,"column":57}},"11":{"start":{"line":22,"column":22},"end":{"line":22,"column":65}},"12":{"start":{"line":23,"column":4},"end":{"line":23,"column":84}},"13":{"start":{"line":27,"column":16},"end":{"line":27,"column":45}},"14":{"start":{"line":30,"column":19},"end":{"line":30,"column":38}},"15":{"start":{"line":31,"column":4},"end":{"line":34,"column":5}},"16":{"start":{"line":32,"column":6},"end":{"line":32,"column":45}},"17":{"start":{"line":33,"column":6},"end":{"line":33,"column":25}},"18":{"start":{"line":35,"column":4},"end":{"line":35,"column":44}},"19":{"start":{"line":41,"column":4},"end":{"line":46,"column":5}},"20":{"start":{"line":42,"column":6},"end":{"line":42,"column":44}},"21":{"start":{"line":45,"column":6},"end":{"line":45,"column":52}},"22":{"start":{"line":49,"column":4},"end":{"line":52,"column":7}},"23":{"start":{"line":54,"column":4},"end":{"line":54,"column":18}},"24":{"start":{"line":61,"column":4},"end":{"line":67,"column":5}},"25":{"start":{"line":62,"column":6},"end":{"line":62,"column":55}},"26":{"start":{"line":63,"column":6},"end":{"line":63,"column":60}},"27":{"start":{"line":65,"column":6},"end":{"line":65,"column":25}},"28":{"start":{"line":66,"column":6},"end":{"line":66,"column":61}},"29":{"start":{"line":74,"column":4},"end":{"line":74,"column":23}},"30":{"start":{"line":75,"column":4},"end":{"line":75,"column":41}},"31":{"start":{"line":81,"column":19},"end":{"line":81,"column":55}},"32":{"start":{"line":82,"column":39},"end":{"line":82,"column":41}},"33":{"start":{"line":83,"column":20},"end":{"line":83,"column":37}},"34":{"start":{"line":86,"column":4},"end":{"line":90,"column":5}},"35":{"start":{"line":87,"column":6},"end":{"line":89,"column":7}},"36":{"start":{"line":88,"column":8},"end":{"line":88,"column":47}},"37":{"start":{"line":93,"column":4},"end":{"line":130,"column":5}},"38":{"start":{"line":94,"column":29},"end":{"line":95,"column":null}},"39":{"start":{"line":95,"column":8},"end":{"line":95,"column":60}},"40":{"start":{"line":95,"column":28},"end":{"line":95,"column":59}},"41":{"start":{"line":98,"column":6},"end":{"line":101,"column":7}},"42":{"start":{"line":99,"column":8},"end":{"line":99,"column":26}},"43":{"start":{"line":100,"column":8},"end":{"line":100,"column":17}},"44":{"start":{"line":103,"column":32},"end":{"line":103,"column":57}},"45":{"start":{"line":105,"column":6},"end":{"line":115,"column":7}},"46":{"start":{"line":106,"column":8},"end":{"line":114,"column":9}},"47":{"start":{"line":107,"column":29},"end":{"line":107,"column":55}},"48":{"start":{"line":108,"column":10},"end":{"line":113,"column":11}},"49":{"start":{"line":109,"column":12},"end":{"line":112,"column":14}},"50":{"start":{"line":117,"column":20},"end":{"line":117,"column":41}},"51":{"start":{"line":118,"column":65},"end":{"line":118,"column":67}},"52":{"start":{"line":120,"column":6},"end":{"line":125,"column":7}},"53":{"start":{"line":121,"column":8},"end":{"line":124,"column":11}},"54":{"start":{"line":127,"column":6},"end":{"line":129,"column":21}},"55":{"start":{"line":128,"column":24},"end":{"line":128,"column":41}},"56":{"start":{"line":132,"column":4},"end":{"line":132,"column":37}},"57":{"start":{"line":136,"column":23},"end":{"line":136,"column":52}},"58":{"start":{"line":137,"column":27},"end":{"line":137,"column":78}},"59":{"start":{"line":139,"column":4},"end":{"line":139,"column":47}},"60":{"start":{"line":139,"column":37},"end":{"line":139,"column":47}},"61":{"start":{"line":141,"column":30},"end":{"line":141,"column":55}},"62":{"start":{"line":143,"column":4},"end":{"line":153,"column":5}},"63":{"start":{"line":144,"column":6},"end":{"line":152,"column":7}},"64":{"start":{"line":145,"column":27},"end":{"line":145,"column":52}},"65":{"start":{"line":146,"column":8},"end":{"line":151,"column":9}},"66":{"start":{"line":147,"column":10},"end":{"line":150,"column":12}},"67":{"start":{"line":155,"column":18},"end":{"line":155,"column":39}},"68":{"start":{"line":156,"column":46},"end":{"line":156,"column":48}},"69":{"start":{"line":158,"column":4},"end":{"line":163,"column":5}},"70":{"start":{"line":159,"column":6},"end":{"line":162,"column":9}},"71":{"start":{"line":165,"column":4},"end":{"line":167,"column":19}},"72":{"start":{"line":166,"column":22},"end":{"line":166,"column":39}},"73":{"start":{"line":10,"column":13},"end":{"line":10,"column":35}},"74":{"start":{"line":10,"column":13},"end":{"line":169,"column":null}}},"fnMap":{"0":{"name":"(anonymous_2)","decl":{"start":{"line":15,"column":2},"end":{"line":15,"column":31}},"loc":{"start":{"line":15,"column":68},"end":{"line":15,"column":72}}},"1":{"name":"(anonymous_3)","decl":{"start":{"line":17,"column":2},"end":{"line":17,"column":7}},"loc":{"start":{"line":17,"column":20},"end":{"line":24,"column":3}}},"2":{"name":"(anonymous_4)","decl":{"start":{"line":26,"column":2},"end":{"line":26,"column":7}},"loc":{"start":{"line":26,"column":43},"end":{"line":55,"column":3}}},"3":{"name":"(anonymous_5)","decl":{"start":{"line":60,"column":2},"end":{"line":60,"column":17}},"loc":{"start":{"line":60,"column":35},"end":{"line":68,"column":3}}},"4":{"name":"(anonymous_6)","decl":{"start":{"line":73,"column":2},"end":{"line":73,"column":7}},"loc":{"start":{"line":73,"column":21},"end":{"line":76,"column":3}}},"5":{"name":"(anonymous_7)","decl":{"start":{"line":80,"column":10},"end":{"line":80,"column":15}},"loc":{"start":{"line":80,"column":39},"end":{"line":133,"column":3}}},"6":{"name":"(anonymous_8)","decl":{"start":{"line":94,"column":43},"end":{"line":94,"column":44}},"loc":{"start":{"line":95,"column":8},"end":{"line":95,"column":60}}},"7":{"name":"(anonymous_9)","decl":{"start":{"line":95,"column":21},"end":{"line":95,"column":22}},"loc":{"start":{"line":95,"column":28},"end":{"line":95,"column":59}}},"8":{"name":"(anonymous_10)","decl":{"start":{"line":128,"column":14},"end":{"line":128,"column":15}},"loc":{"start":{"line":128,"column":24},"end":{"line":128,"column":41}}},"9":{"name":"(anonymous_11)","decl":{"start":{"line":135,"column":10},"end":{"line":135,"column":15}},"loc":{"start":{"line":135,"column":48},"end":{"line":168,"column":3}}},"10":{"name":"(anonymous_12)","decl":{"start":{"line":166,"column":12},"end":{"line":166,"column":13}},"loc":{"start":{"line":166,"column":22},"end":{"line":166,"column":39}}}},"branchMap":{"0":{"loc":{"start":{"line":31,"column":4},"end":{"line":34,"column":5}},"type":"if","locations":[{"start":{"line":31,"column":4},"end":{"line":34,"column":5}},{"start":{},"end":{}}]},"1":{"loc":{"start":{"line":31,"column":8},"end":{"line":31,"column":41}},"type":"binary-expr","locations":[{"start":{"line":31,"column":8},"end":{"line":31,"column":14}},{"start":{"line":31,"column":18},"end":{"line":31,"column":41}}]},"2":{"loc":{"start":{"line":41,"column":4},"end":{"line":46,"column":5}},"type":"if","locations":[{"start":{"line":41,"column":4},"end":{"line":46,"column":5}},{"start":{"line":43,"column":11},"end":{"line":46,"column":5}}]},"3":{"loc":{"start":{"line":61,"column":4},"end":{"line":67,"column":5}},"type":"if","locations":[{"start":{"line":61,"column":4},"end":{"line":67,"column":5}},{"start":{"line":64,"column":11},"end":{"line":67,"column":5}}]},"4":{"loc":{"start":{"line":98,"column":6},"end":{"line":101,"column":7}},"type":"if","locations":[{"start":{"line":98,"column":6},"end":{"line":101,"column":7}},{"start":{},"end":{}}]},"5":{"loc":{"start":{"line":108,"column":10},"end":{"line":113,"column":11}},"type":"if","locations":[{"start":{"line":108,"column":10},"end":{"line":113,"column":11}},{"start":{},"end":{}}]},"6":{"loc":{"start":{"line":111,"column":15},"end":{"line":111,"column":53}},"type":"binary-expr","locations":[{"start":{"line":111,"column":15},"end":{"line":111,"column":48}},{"start":{"line":111,"column":52},"end":{"line":111,"column":53}}]},"7":{"loc":{"start":{"line":139,"column":4},"end":{"line":139,"column":47}},"type":"if","locations":[{"start":{"line":139,"column":4},"end":{"line":139,"column":47}},{"start":{},"end":{}}]},"8":{"loc":{"start":{"line":146,"column":8},"end":{"line":151,"column":9}},"type":"if","locations":[{"start":{"line":146,"column":8},"end":{"line":151,"column":9}},{"start":{},"end":{}}]},"9":{"loc":{"start":{"line":149,"column":13},"end":{"line":149,"column":51}},"type":"binary-expr","locations":[{"start":{"line":149,"column":13},"end":{"line":149,"column":46}},{"start":{"line":149,"column":50},"end":{"line":149,"column":51}}]},"10":{"loc":{"start":{"line":15,"column":43},"end":{"line":15,"column":71}},"type":"cond-expr","locations":[{"start":{"line":15,"column":68},"end":{"line":15,"column":71}},{"start":{"line":15,"column":68},"end":{"line":15,"column":71}}]},"11":{"loc":{"start":{"line":15,"column":43},"end":{"line":15,"column":68}},"type":"binary-expr","locations":[{"start":{"line":15,"column":43},"end":{"line":15,"column":71}},{"start":{"line":15,"column":43},"end":{"line":15,"column":68}}]}},"s":{"0":2,"1":2,"2":2,"3":9,"4":9,"5":9,"6":9,"7":9,"8":9,"9":9,"10":9,"11":9,"12":9,"13":12,"14":12,"15":12,"16":2,"17":2,"18":10,"19":10,"20":9,"21":1,"22":10,"23":10,"24":1,"25":1,"26":1,"27":0,"28":0,"29":0,"30":0,"31":9,"32":9,"33":9,"34":9,"35":99,"36":270,"37":9,"38":45,"39":495,"40":1098,"41":45,"42":0,"43":0,"44":45,"45":45,"46":270,"47":774,"48":774,"49":504,"50":45,"51":45,"52":45,"53":126,"54":45,"55":81,"56":9,"57":1,"58":1,"59":1,"60":1,"61":0,"62":0,"63":0,"64":0,"65":0,"66":0,"67":0,"68":0,"69":0,"70":0,"71":0,"72":0,"73":2,"74":2},"f":{"0":9,"1":9,"2":12,"3":1,"4":0,"5":9,"6":495,"7":1098,"8":81,"9":1,"10":0},"b":{"0":[2,10],"1":[12,2],"2":[9,1],"3":[1,0],"4":[0,45],"5":[504,270],"6":[504,126],"7":[1,0],"8":[0,0],"9":[0,0],"10":[2,0],"11":[2,2]}}
,"/Users/mm/Public/IALWorks/AI/BlinkitClone/apps/api/src/scripts/generate-sql.ts": {"path":"/Users/mm/Public/IALWorks/AI/BlinkitClone/apps/api/src/scripts/generate-sql.ts","statementMap":{"0":{"start":{"line":1,"column":0},"end":{"line":1,"column":44}},"1":{"start":{"line":2,"column":0},"end":{"line":2,"column":20}},"2":{"start":{"line":3,"column":0},"end":{"line":3,"column":24}},"3":{"start":{"line":5,"column":12},"end":{"line":5,"column":21}},"4":{"start":{"line":6,"column":14},"end":{"line":6,"column":33}},"5":{"start":{"line":9,"column":19},"end":{"line":9,"column":62}},"6":{"start":{"line":10,"column":18},"end":{"line":10,"column":54}},"7":{"start":{"line":11,"column":50},"end":{"line":11,"column":71}},"8":{"start":{"line":14,"column":17},"end":{"line":14,"column":40}},"9":{"start":{"line":15,"column":0},"end":{"line":15,"column":53}},"10":{"start":{"line":16,"column":0},"end":{"line":16,"column":71}},"11":{"start":{"line":18,"column":20},"end":{"line":22,"column":2}},"12":{"start":{"line":19,"column":16},"end":{"line":19,"column":51}},"13":{"start":{"line":20,"column":22},"end":{"line":20,"column":48}},"14":{"start":{"line":21,"column":2},"end":{"line":21,"column":70}},"15":{"start":{"line":23,"column":0},"end":{"line":23,"column":44}},"16":{"start":{"line":27,"column":18},"end":{"line":27,"column":37}},"17":{"start":{"line":28,"column":0},"end":{"line":32,"column":1}},"18":{"start":{"line":29,"column":2},"end":{"line":29,"column":82}},"19":{"start":{"line":31,"column":2},"end":{"line":31,"column":43}},"20":{"start":{"line":33,"column":0},"end":{"line":33,"column":41}},"21":{"start":{"line":35,"column":20},"end":{"line":35,"column":57}},"22":{"start":{"line":36,"column":0},"end":{"line":36,"column":42}},"23":{"start":{"line":37,"column":0},"end":{"line":37,"column":65}},"24":{"start":{"line":40,"column":15},"end":{"line":40,"column":36}},"25":{"start":{"line":41,"column":0},"end":{"line":41,"column":49}},"26":{"start":{"line":42,"column":0},"end":{"line":42,"column":50}},"27":{"start":{"line":44,"column":18},"end":{"line":48,"column":2}},"28":{"start":{"line":45,"column":16},"end":{"line":45,"column":49}},"29":{"start":{"line":46,"column":16},"end":{"line":46,"column":89}},"30":{"start":{"line":46,"column":46},"end":{"line":46,"column":77}},"31":{"start":{"line":47,"column":2},"end":{"line":47,"column":39}},"32":{"start":{"line":49,"column":0},"end":{"line":49,"column":40}},"33":{"start":{"line":51,"column":18},"end":{"line":51,"column":53}},"34":{"start":{"line":52,"column":0},"end":{"line":52,"column":38}},"35":{"start":{"line":53,"column":0},"end":{"line":53,"column":59}},"36":{"start":{"line":56,"column":17},"end":{"line":56,"column":49}},"37":{"start":{"line":57,"column":0},"end":{"line":57,"column":44}},"38":{"start":{"line":58,"column":0},"end":{"line":58,"column":71}},"39":{"start":{"line":59,"column":0},"end":{"line":59,"column":67}},"40":{"start":{"line":60,"column":0},"end":{"line":60,"column":46}}},"fnMap":{"0":{"name":"(anonymous_1)","decl":{"start":{"line":18,"column":33},"end":{"line":18,"column":34}},"loc":{"start":{"line":18,"column":42},"end":{"line":22,"column":1}}},"1":{"name":"(anonymous_2)","decl":{"start":{"line":44,"column":29},"end":{"line":44,"column":30}},"loc":{"start":{"line":44,"column":38},"end":{"line":48,"column":1}}},"2":{"name":"(anonymous_3)","decl":{"start":{"line":46,"column":28},"end":{"line":46,"column":29}},"loc":{"start":{"line":46,"column":46},"end":{"line":46,"column":77}}}},"branchMap":{"0":{"loc":{"start":{"line":19,"column":16},"end":{"line":19,"column":51}},"type":"cond-expr","locations":[{"start":{"line":19,"column":42},"end":{"line":19,"column":45}},{"start":{"line":19,"column":48},"end":{"line":19,"column":51}}]},"1":{"loc":{"start":{"line":28,"column":0},"end":{"line":32,"column":1}},"type":"if","locations":[{"start":{"line":28,"column":0},"end":{"line":32,"column":1}},{"start":{"line":30,"column":7},"end":{"line":32,"column":1}}]},"2":{"loc":{"start":{"line":45,"column":16},"end":{"line":45,"column":49}},"type":"cond-expr","locations":[{"start":{"line":45,"column":40},"end":{"line":45,"column":43}},{"start":{"line":45,"column":46},"end":{"line":45,"column":49}}]}},"s":{"0":0,"1":0,"2":0,"3":0,"4":0,"5":0,"6":0,"7":0,"8":0,"9":0,"10":0,"11":0,"12":0,"13":0,"14":0,"15":0,"16":0,"17":0,"18":0,"19":0,"20":0,"21":0,"22":0,"23":0,"24":0,"25":0,"26":0,"27":0,"28":0,"29":0,"30":0,"31":0,"32":0,"33":0,"34":0,"35":0,"36":0,"37":0,"38":0,"39":0,"40":0},"f":{"0":0,"1":0,"2":0},"b":{"0":[0,0],"1":[0,0],"2":[0,0]}}
,"/Users/mm/Public/IALWorks/AI/BlinkitClone/apps/api/src/supabase/supabase.module.ts": {"path":"/Users/mm/Public/IALWorks/AI/BlinkitClone/apps/api/src/supabase/supabase.module.ts","statementMap":{"0":{"start":{"line":1,"column":0},"end":{"line":1,"column":48}},"1":{"start":{"line":2,"column":0},"end":{"line":2,"column":53}},"2":{"start":{"line":9,"column":7},"end":{"line":9,"column":null}},"3":{"start":{"line":9,"column":13},"end":{"line":9,"column":27}},"4":{"start":{"line":9,"column":13},"end":{"line":9,"column":null}}},"fnMap":{},"branchMap":{},"s":{"0":0,"1":0,"2":0,"3":0,"4":0},"f":{},"b":{}}
,"/Users/mm/Public/IALWorks/AI/BlinkitClone/apps/api/src/supabase/supabase.service.ts": {"path":"/Users/mm/Public/IALWorks/AI/BlinkitClone/apps/api/src/supabase/supabase.service.ts","statementMap":{"0":{"start":{"line":1,"column":0},"end":{"line":1,"column":44}},"1":{"start":{"line":2,"column":0},"end":{"line":2,"column":69}},"2":{"start":{"line":3,"column":0},"end":{"line":3,"column":20}},"3":{"start":{"line":6,"column":7},"end":{"line":32,"column":null}},"4":{"start":{"line":7,"column":42},"end":{"line":7,"column":46}},"5":{"start":{"line":10,"column":16},"end":{"line":10,"column":40}},"6":{"start":{"line":11,"column":16},"end":{"line":11,"column":48}},"7":{"start":{"line":13,"column":4},"end":{"line":22,"column":5}},"8":{"start":{"line":15,"column":6},"end":{"line":17,"column":7}},"9":{"start":{"line":16,"column":9},"end":{"line":16,"column":39}},"10":{"start":{"line":18,"column":6},"end":{"line":18,"column":43}},"11":{"start":{"line":19,"column":6},"end":{"line":19,"column":51}},"12":{"start":{"line":21,"column":6},"end":{"line":21,"column":81}},"13":{"start":{"line":26,"column":4},"end":{"line":26,"column":23}},"14":{"start":{"line":30,"column":4},"end":{"line":30,"column":32}},"15":{"start":{"line":6,"column":13},"end":{"line":6,"column":28}},"16":{"start":{"line":6,"column":13},"end":{"line":32,"column":null}}},"fnMap":{"0":{"name":"(anonymous_3)","decl":{"start":{"line":9,"column":2},"end":{"line":9,"column":null}},"loc":{"start":{"line":9,"column":2},"end":{"line":23,"column":3}}},"1":{"name":"(anonymous_4)","decl":{"start":{"line":25,"column":2},"end":{"line":25,"column":11}},"loc":{"start":{"line":25,"column":11},"end":{"line":27,"column":3}}},"2":{"name":"(anonymous_5)","decl":{"start":{"line":29,"column":2},"end":{"line":29,"column":13}},"loc":{"start":{"line":29,"column":13},"end":{"line":31,"column":3}}}},"branchMap":{"0":{"loc":{"start":{"line":13,"column":4},"end":{"line":22,"column":5}},"type":"if","locations":[{"start":{"line":13,"column":4},"end":{"line":22,"column":5}},{"start":{"line":20,"column":11},"end":{"line":22,"column":5}}]},"1":{"loc":{"start":{"line":13,"column":8},"end":{"line":13,"column":67}},"type":"binary-expr","locations":[{"start":{"line":13,"column":8},"end":{"line":13,"column":11}},{"start":{"line":13,"column":15},"end":{"line":13,"column":18}},{"start":{"line":13,"column":22},"end":{"line":13,"column":67}}]},"2":{"loc":{"start":{"line":15,"column":6},"end":{"line":17,"column":7}},"type":"if","locations":[{"start":{"line":15,"column":6},"end":{"line":17,"column":7}},{"start":{},"end":{}}]}},"s":{"0":3,"1":3,"2":3,"3":3,"4":0,"5":0,"6":0,"7":0,"8":0,"9":0,"10":0,"11":0,"12":0,"13":0,"14":0,"15":3,"16":3},"f":{"0":0,"1":0,"2":0},"b":{"0":[0,0],"1":[0,0,0],"2":[0,0]}}
}
